Created by PLY version 3.11 (http://www.dabeaz.com/ply)

Unused terminals:

    COLON
    COMMA

Grammar

Rule 0     S' -> statement
Rule 1     statement -> expression SEMICOLON
Rule 2     expression -> expression PLUS expression
Rule 3     expression -> expression MINUS expression
Rule 4     expression -> expression TIMES expression
Rule 5     expression -> expression DIVIDE expression
Rule 6     expression -> MINUS expression
Rule 7     expression -> LPAREN expression RPAREN
Rule 8     expression -> NUMBER
Rule 9     expression -> IDENTIFIER

Terminals, with rules where they appear

COLON                : 
COMMA                : 
DIVIDE               : 5
IDENTIFIER           : 9
LPAREN               : 7
MINUS                : 3 6
NUMBER               : 8
PLUS                 : 2
RPAREN               : 7
SEMICOLON            : 1
TIMES                : 4
error                : 

Nonterminals, with rules where they appear

expression           : 1 2 2 3 3 4 4 5 5 6 7
statement            : 0

Parsing method: LALR

state 0

    (0) S' -> . statement
    (1) statement -> . expression SEMICOLON
    (2) expression -> . expression PLUS expression
    (3) expression -> . expression MINUS expression
    (4) expression -> . expression TIMES expression
    (5) expression -> . expression DIVIDE expression
    (6) expression -> . MINUS expression
    (7) expression -> . LPAREN expression RPAREN
    (8) expression -> . NUMBER
    (9) expression -> . IDENTIFIER

    MINUS           shift and go to state 3
    LPAREN          shift and go to state 4
    NUMBER          shift and go to state 5
    IDENTIFIER      shift and go to state 6

    statement                      shift and go to state 1
    expression                     shift and go to state 2

state 1

    (0) S' -> statement .



state 2

    (1) statement -> expression . SEMICOLON
    (2) expression -> expression . PLUS expression
    (3) expression -> expression . MINUS expression
    (4) expression -> expression . TIMES expression
    (5) expression -> expression . DIVIDE expression

    SEMICOLON       shift and go to state 7
    PLUS            shift and go to state 8
    MINUS           shift and go to state 9
    TIMES           shift and go to state 10
    DIVIDE          shift and go to state 11


state 3

    (6) expression -> MINUS . expression
    (2) expression -> . expression PLUS expression
    (3) expression -> . expression MINUS expression
    (4) expression -> . expression TIMES expression
    (5) expression -> . expression DIVIDE expression
    (6) expression -> . MINUS expression
    (7) expression -> . LPAREN expression RPAREN
    (8) expression -> . NUMBER
    (9) expression -> . IDENTIFIER

    MINUS           shift and go to state 3
    LPAREN          shift and go to state 4
    NUMBER          shift and go to state 5
    IDENTIFIER      shift and go to state 6

    expression                     shift and go to state 12

state 4

    (7) expression -> LPAREN . expression RPAREN
    (2) expression -> . expression PLUS expression
    (3) expression -> . expression MINUS expression
    (4) expression -> . expression TIMES expression
    (5) expression -> . expression DIVIDE expression
    (6) expression -> . MINUS expression
    (7) expression -> . LPAREN expression RPAREN
    (8) expression -> . NUMBER
    (9) expression -> . IDENTIFIER

    MINUS           shift and go to state 3
    LPAREN          shift and go to state 4
    NUMBER          shift and go to state 5
    IDENTIFIER      shift and go to state 6

    expression                     shift and go to state 13

state 5

    (8) expression -> NUMBER .

    SEMICOLON       reduce using rule 8 (expression -> NUMBER .)
    PLUS            reduce using rule 8 (expression -> NUMBER .)
    MINUS           reduce using rule 8 (expression -> NUMBER .)
    TIMES           reduce using rule 8 (expression -> NUMBER .)
    DIVIDE          reduce using rule 8 (expression -> NUMBER .)
    RPAREN          reduce using rule 8 (expression -> NUMBER .)


state 6

    (9) expression -> IDENTIFIER .

    SEMICOLON       reduce using rule 9 (expression -> IDENTIFIER .)
    PLUS            reduce using rule 9 (expression -> IDENTIFIER .)
    MINUS           reduce using rule 9 (expression -> IDENTIFIER .)
    TIMES           reduce using rule 9 (expression -> IDENTIFIER .)
    DIVIDE          reduce using rule 9 (expression -> IDENTIFIER .)
    RPAREN          reduce using rule 9 (expression -> IDENTIFIER .)


state 7

    (1) statement -> expression SEMICOLON .

    $end            reduce using rule 1 (statement -> expression SEMICOLON .)


state 8

    (2) expression -> expression PLUS . expression
    (2) expression -> . expression PLUS expression
    (3) expression -> . expression MINUS expression
    (4) expression -> . expression TIMES expression
    (5) expression -> . expression DIVIDE expression
    (6) expression -> . MINUS expression
    (7) expression -> . LPAREN expression RPAREN
    (8) expression -> . NUMBER
    (9) expression -> . IDENTIFIER

    MINUS           shift and go to state 3
    LPAREN          shift and go to state 4
    NUMBER          shift and go to state 5
    IDENTIFIER      shift and go to state 6

    expression                     shift and go to state 14

state 9

    (3) expression -> expression MINUS . expression
    (2) expression -> . expression PLUS expression
    (3) expression -> . expression MINUS expression
    (4) expression -> . expression TIMES expression
    (5) expression -> . expression DIVIDE expression
    (6) expression -> . MINUS expression
    (7) expression -> . LPAREN expression RPAREN
    (8) expression -> . NUMBER
    (9) expression -> . IDENTIFIER

    MINUS           shift and go to state 3
    LPAREN          shift and go to state 4
    NUMBER          shift and go to state 5
    IDENTIFIER      shift and go to state 6

    expression                     shift and go to state 15

state 10

    (4) expression -> expression TIMES . expression
    (2) expression -> . expression PLUS expression
    (3) expression -> . expression MINUS expression
    (4) expression -> . expression TIMES expression
    (5) expression -> . expression DIVIDE expression
    (6) expression -> . MINUS expression
    (7) expression -> . LPAREN expression RPAREN
    (8) expression -> . NUMBER
    (9) expression -> . IDENTIFIER

    MINUS           shift and go to state 3
    LPAREN          shift and go to state 4
    NUMBER          shift and go to state 5
    IDENTIFIER      shift and go to state 6

    expression                     shift and go to state 16

state 11

    (5) expression -> expression DIVIDE . expression
    (2) expression -> . expression PLUS expression
    (3) expression -> . expression MINUS expression
    (4) expression -> . expression TIMES expression
    (5) expression -> . expression DIVIDE expression
    (6) expression -> . MINUS expression
    (7) expression -> . LPAREN expression RPAREN
    (8) expression -> . NUMBER
    (9) expression -> . IDENTIFIER

    MINUS           shift and go to state 3
    LPAREN          shift and go to state 4
    NUMBER          shift and go to state 5
    IDENTIFIER      shift and go to state 6

    expression                     shift and go to state 17

state 12

    (6) expression -> MINUS expression .
    (2) expression -> expression . PLUS expression
    (3) expression -> expression . MINUS expression
    (4) expression -> expression . TIMES expression
    (5) expression -> expression . DIVIDE expression

    SEMICOLON       reduce using rule 6 (expression -> MINUS expression .)
    PLUS            reduce using rule 6 (expression -> MINUS expression .)
    MINUS           reduce using rule 6 (expression -> MINUS expression .)
    TIMES           reduce using rule 6 (expression -> MINUS expression .)
    DIVIDE          reduce using rule 6 (expression -> MINUS expression .)
    RPAREN          reduce using rule 6 (expression -> MINUS expression .)

  ! PLUS            [ shift and go to state 8 ]
  ! MINUS           [ shift and go to state 9 ]
  ! TIMES           [ shift and go to state 10 ]
  ! DIVIDE          [ shift and go to state 11 ]


state 13

    (7) expression -> LPAREN expression . RPAREN
    (2) expression -> expression . PLUS expression
    (3) expression -> expression . MINUS expression
    (4) expression -> expression . TIMES expression
    (5) expression -> expression . DIVIDE expression

    RPAREN          shift and go to state 18
    PLUS            shift and go to state 8
    MINUS           shift and go to state 9
    TIMES           shift and go to state 10
    DIVIDE          shift and go to state 11


state 14

    (2) expression -> expression PLUS expression .
    (2) expression -> expression . PLUS expression
    (3) expression -> expression . MINUS expression
    (4) expression -> expression . TIMES expression
    (5) expression -> expression . DIVIDE expression

    SEMICOLON       reduce using rule 2 (expression -> expression PLUS expression .)
    PLUS            reduce using rule 2 (expression -> expression PLUS expression .)
    MINUS           reduce using rule 2 (expression -> expression PLUS expression .)
    RPAREN          reduce using rule 2 (expression -> expression PLUS expression .)
    TIMES           shift and go to state 10
    DIVIDE          shift and go to state 11

  ! TIMES           [ reduce using rule 2 (expression -> expression PLUS expression .) ]
  ! DIVIDE          [ reduce using rule 2 (expression -> expression PLUS expression .) ]
  ! PLUS            [ shift and go to state 8 ]
  ! MINUS           [ shift and go to state 9 ]


state 15

    (3) expression -> expression MINUS expression .
    (2) expression -> expression . PLUS expression
    (3) expression -> expression . MINUS expression
    (4) expression -> expression . TIMES expression
    (5) expression -> expression . DIVIDE expression

    SEMICOLON       reduce using rule 3 (expression -> expression MINUS expression .)
    PLUS            reduce using rule 3 (expression -> expression MINUS expression .)
    MINUS           reduce using rule 3 (expression -> expression MINUS expression .)
    RPAREN          reduce using rule 3 (expression -> expression MINUS expression .)
    TIMES           shift and go to state 10
    DIVIDE          shift and go to state 11

  ! TIMES           [ reduce using rule 3 (expression -> expression MINUS expression .) ]
  ! DIVIDE          [ reduce using rule 3 (expression -> expression MINUS expression .) ]
  ! PLUS            [ shift and go to state 8 ]
  ! MINUS           [ shift and go to state 9 ]


state 16

    (4) expression -> expression TIMES expression .
    (2) expression -> expression . PLUS expression
    (3) expression -> expression . MINUS expression
    (4) expression -> expression . TIMES expression
    (5) expression -> expression . DIVIDE expression

    SEMICOLON       reduce using rule 4 (expression -> expression TIMES expression .)
    PLUS            reduce using rule 4 (expression -> expression TIMES expression .)
    MINUS           reduce using rule 4 (expression -> expression TIMES expression .)
    TIMES           reduce using rule 4 (expression -> expression TIMES expression .)
    DIVIDE          reduce using rule 4 (expression -> expression TIMES expression .)
    RPAREN          reduce using rule 4 (expression -> expression TIMES expression .)

  ! PLUS            [ shift and go to state 8 ]
  ! MINUS           [ shift and go to state 9 ]
  ! TIMES           [ shift and go to state 10 ]
  ! DIVIDE          [ shift and go to state 11 ]


state 17

    (5) expression -> expression DIVIDE expression .
    (2) expression -> expression . PLUS expression
    (3) expression -> expression . MINUS expression
    (4) expression -> expression . TIMES expression
    (5) expression -> expression . DIVIDE expression

    SEMICOLON       reduce using rule 5 (expression -> expression DIVIDE expression .)
    PLUS            reduce using rule 5 (expression -> expression DIVIDE expression .)
    MINUS           reduce using rule 5 (expression -> expression DIVIDE expression .)
    TIMES           reduce using rule 5 (expression -> expression DIVIDE expression .)
    DIVIDE          reduce using rule 5 (expression -> expression DIVIDE expression .)
    RPAREN          reduce using rule 5 (expression -> expression DIVIDE expression .)

  ! PLUS            [ shift and go to state 8 ]
  ! MINUS           [ shift and go to state 9 ]
  ! TIMES           [ shift and go to state 10 ]
  ! DIVIDE          [ shift and go to state 11 ]


state 18

    (7) expression -> LPAREN expression RPAREN .

    SEMICOLON       reduce using rule 7 (expression -> LPAREN expression RPAREN .)
    PLUS            reduce using rule 7 (expression -> LPAREN expression RPAREN .)
    MINUS           reduce using rule 7 (expression -> LPAREN expression RPAREN .)
    TIMES           reduce using rule 7 (expression -> LPAREN expression RPAREN .)
    DIVIDE          reduce using rule 7 (expression -> LPAREN expression RPAREN .)
    RPAREN          reduce using rule 7 (expression -> LPAREN expression RPAREN .)

